<?xml version="1.0" encoding="UTF-8"?>
<!-- Generated by org.testng.reporters.JUnitXMLReporter -->
<testsuite ignored="0" hostname="DESKTOP-8TB63JM" failures="0" tests="4" name="Test" time="22.595" errors="0" timestamp="2024-08-23T17:24:30 EDT">
  <testcase classname="io.cucumber.testng.AbstractTestNGCucumberTests" name="runScenario" time="5.798"/>
  <testcase classname="io.cucumber.testng.AbstractTestNGCucumberTests" name="runScenario" time="5.963"/>
  <testcase classname="io.cucumber.testng.AbstractTestNGCucumberTests" name="runScenario" time="5.48"/>
  <testcase classname="io.cucumber.testng.AbstractTestNGCucumberTests" name="runScenario" time="3.723"/>
</testsuite> <!-- Test -->
