<?xml version="1.0" encoding="UTF-8"?>
<testsuite xmlns:xsi="http://www.w3.org/2001/XMLSchema-instance" xsi:noNamespaceSchemaLocation="https://maven.apache.org/surefire/maven-surefire-plugin/xsd/surefire-test-report-3.0.xsd" version="3.0" name="TestSuite" time="24.604" tests="4" errors="0" skipped="0" failures="0">
  <properties>
[...]
</properties>
  <testcase name="runScenario[&quot;Login With Valid Credentials&quot;, &quot;Login Functionality of TutorialsNinja&quot;](1)" classname="com.RunnerFiles.Runner_TestNG" time="5.796">
    <system-out><![CDATA[runScenario----> Project Execution Started

@TutorialsNinjaLogin @ValidCredentials
Scenario Outline: Login With Valid Credentials        # src/test/resources/features_files/Login.feature:5
  Given User navigates to loginpage                   # com.Steps_Definition.Login.user_navigates_to_login_page()
  When User enters valid user emailhihello5@gmail.com # com.Steps_Definition.Login.user_enters_valid_email(java.lang.String)
  And User enters valid pass password12345            # com.Steps_Definition.Login.user_enters_valid_password(java.lang.String)
  And User clicks on Login button                     # com.Steps_Definition.Login.user_clicks_on_login_button()
  Then User is redirected to Account Page             # com.Steps_Definition.Login.user_is_redirected_to_account_page()
]]></system-out>
    <system-err><![CDATA[SLF4J: Failed to load class "org.slf4j.impl.StaticLoggerBinder".
SLF4J: Defaulting to no-operation (NOP) logger implementation
SLF4J: See http://www.slf4j.org/codes.html#StaticLoggerBinder for further details.
Aug 23, 2024 5:24:10 PM org.openqa.selenium.devtools.CdpVersionFinder findNearestMatch
WARNING: Unable to find an exact match for CDP version 127, returning the closest version; found: 125; Please update to a Selenium version that supports CDP version 127
]]></system-err>
  </testcase>
  <testcase name="runScenario[&quot;Logout scenario of TutorialsNinja&quot;, &quot;Logout Functionality of TutorialsNinja&quot;](2)" classname="com.RunnerFiles.Runner_TestNG" time="5.963">
    <system-out><![CDATA[runScenario----> Project Execution Started

@TutorialsNinjaLogout @Logout
Scenario: Logout scenario of TutorialsNinja                # src/test/resources/features_files/Logout.feature:5
  Given User navigate to login                             # com.Steps_Definition.Logout.user_navigate_to_the_login_page()
  When User enters valid user name emailhihello5@gmail.com # com.Steps_Definition.Logout.user_click_on_logout_button(java.lang.String)
  And User enters valid password12345                      # com.Steps_Definition.Logout.user_click_on_continue_button(java.lang.String)
  And User clicks on login                                 # com.Steps_Definition.Logout.user_clicks_on_login_button()
  And User clicks on Logout link                           # com.Steps_Definition.Logout.user_clicks_on_Logout_link()
  Then User is redirected to home page                     # com.Steps_Definition.Logout.user_is_redirected_to_home_page()
]]></system-out>
    <system-err><![CDATA[Aug 23, 2024 5:24:15 PM org.openqa.selenium.devtools.CdpVersionFinder findNearestMatch
WARNING: Unable to find an exact match for CDP version 127, returning the closest version; found: 125; Please update to a Selenium version that supports CDP version 127
]]></system-err>
  </testcase>
  <testcase name="runScenario[&quot;Register With All Fields&quot;, &quot;Register Functionality of TutorialsNinja&quot;](3)" classname="com.RunnerFiles.Runner_TestNG" time="5.479">
    <system-out><![CDATA[runScenario----> Project Execution Started

@TutorialsNinjaRegistration @AllFields
Scenario: Register With All Fields            # src/test/resources/features_files/Register.feature:7
  Given User navigates to Register page       # com.Steps_Definition.Register.user_navigates_to_register_page()
  When User enters below all fields           # com.Steps_Definition.Register.user_enters_below_all_fields(io.cucumber.datatable.DataTable)
    | firstname       | hi        |
    | lastname        | hello     |
    | telephone       | 156489887 |
    | password        | 12345     |
    | confirmpassword | 12345     |
  And User selects Yes for Newsletter         # com.Steps_Definition.Register.user_selects_yes_for_newsletter()
  And User selects Privacy Policy checkbox    # com.Steps_Definition.Register.user_selects_privacy_policy_checkbox()
  And User clicks on Continue button          # com.Steps_Definition.Register.user_clicks_on_continue_button()
  Then User account gets created successfully # com.Steps_Definition.Register.user_account_gets_created_successfully()
]]></system-out>
    <system-err><![CDATA[Aug 23, 2024 5:24:21 PM org.openqa.selenium.devtools.CdpVersionFinder findNearestMatch
WARNING: Unable to find an exact match for CDP version 127, returning the closest version; found: 125; Please update to a Selenium version that supports CDP version 127
]]></system-err>
  </testcase>
  <testcase name="runScenario[&quot;Search with valid product&quot;, &quot;Search Product Functionality of TutorialsNinja&quot;](4)" classname="com.RunnerFiles.Runner_TestNG" time="3.721">
    <system-out><![CDATA[runScenario----> Project Execution Started

@TutorialsNinjaSearchProduct @ValidProduct
Scenario: Search with valid product                        # src/test/resources/features_files/SearchProduct.feature:5
  Given User opens the application                         # com.Steps_Definition.SearchProduct.user_opens_the_application()
  When User enters valid product "HP"                      # com.Steps_Definition.SearchProduct.enterValidProduct(java.lang.String)
  And User clicks on search button                         # com.Steps_Definition.SearchProduct.clickOnSearchButton()
  Then User gets valid product info display in search page # com.Steps_Definition.SearchProduct.validProducDisplayInformation()
]]></system-out>
    <system-err><![CDATA[Aug 23, 2024 5:24:26 PM org.openqa.selenium.devtools.CdpVersionFinder findNearestMatch
WARNING: Unable to find an exact match for CDP version 127, returning the closest version; found: 125; Please update to a Selenium version that supports CDP version 127
]]></system-err>
  </testcase>
</testsuite>