<?xml version="1.0" encoding="UTF-8"?>
<testng-results ignored="0" total="4" passed="4" failed="0" skipped="0">
  <reporter-output>
  </reporter-output>
  <suite started-at="2024-08-23T17:19:18 EDT" name="Suite" finished-at="2024-08-23T17:19:41 EDT" duration-ms="22925">
    <groups>
      <group name="cucumber">
        <method signature="AbstractTestNGCucumberTests.runScenario(io.cucumber.testng.PickleWrapper,io.cucumber.testng.FeatureWrapper)[pri:0, instance:com.RunnerFiles.Runner_TestNG@6fa51cd4]" name="runScenario" class="io.cucumber.testng.AbstractTestNGCucumberTests"/>
      </group> <!-- cucumber -->
    </groups>
    <test started-at="2024-08-23T17:19:18 EDT" name="Test" finished-at="2024-08-23T17:19:41 EDT" duration-ms="22925">
      <class name="com.RunnerFiles.Runner_TestNG">
        <test-method is-config="true" signature="setUpClass(org.testng.ITestContext)[pri:0, instance:com.RunnerFiles.Runner_TestNG@6fa51cd4]" started-at="2024-08-23T17:19:18 EDT" name="setUpClass" finished-at="2024-08-23T17:19:19 EDT" duration-ms="703" status="PASS">
          <params>
            <param index="0">
              <value>
                <![CDATA[org.testng.TestRunner@74960e9d]]>
              </value>
            </param>
          </params>
          <reporter-output>
          </reporter-output>
        </test-method> <!-- setUpClass -->
        <test-method signature="runScenario(io.cucumber.testng.PickleWrapper,io.cucumber.testng.FeatureWrapper)[pri:0, instance:com.RunnerFiles.Runner_TestNG@6fa51cd4]" started-at="2024-08-23T17:19:19 EDT" name="runScenario" description="Runs Cucumber Scenarios" data-provider="scenarios" finished-at="2024-08-23T17:19:25 EDT" duration-ms="5982" status="PASS">
          <params>
            <param index="0">
              <value>
                <![CDATA["Login With Valid Credentials"]]>
              </value>
            </param>
            <param index="1">
              <value>
                <![CDATA["Login Functionality of TutorialsNinja"]]>
              </value>
            </param>
          </params>
          <reporter-output>
          </reporter-output>
        </test-method> <!-- runScenario -->
        <test-method signature="runScenario(io.cucumber.testng.PickleWrapper,io.cucumber.testng.FeatureWrapper)[pri:0, instance:com.RunnerFiles.Runner_TestNG@6fa51cd4]" started-at="2024-08-23T17:19:25 EDT" name="runScenario" description="Runs Cucumber Scenarios" data-provider="scenarios" finished-at="2024-08-23T17:19:31 EDT" duration-ms="6107" status="PASS">
          <params>
            <param index="0">
              <value>
                <![CDATA["Logout scenario of TutorialsNinja"]]>
              </value>
            </param>
            <param index="1">
              <value>
                <![CDATA["Logout Functionality of TutorialsNinja"]]>
              </value>
            </param>
          </params>
          <reporter-output>
          </reporter-output>
        </test-method> <!-- runScenario -->
        <test-method signature="runScenario(io.cucumber.testng.PickleWrapper,io.cucumber.testng.FeatureWrapper)[pri:0, instance:com.RunnerFiles.Runner_TestNG@6fa51cd4]" started-at="2024-08-23T17:19:31 EDT" name="runScenario" description="Runs Cucumber Scenarios" data-provider="scenarios" finished-at="2024-08-23T17:19:37 EDT" duration-ms="5736" status="PASS">
          <params>
            <param index="0">
              <value>
                <![CDATA["Register With All Fields"]]>
              </value>
            </param>
            <param index="1">
              <value>
                <![CDATA["Register Functionality of TutorialsNinja"]]>
              </value>
            </param>
          </params>
          <reporter-output>
          </reporter-output>
        </test-method> <!-- runScenario -->
        <test-method signature="runScenario(io.cucumber.testng.PickleWrapper,io.cucumber.testng.FeatureWrapper)[pri:0, instance:com.RunnerFiles.Runner_TestNG@6fa51cd4]" started-at="2024-08-23T17:19:37 EDT" name="runScenario" description="Runs Cucumber Scenarios" data-provider="scenarios" finished-at="2024-08-23T17:19:41 EDT" duration-ms="3904" status="PASS">
          <params>
            <param index="0">
              <value>
                <![CDATA["Search with valid product"]]>
              </value>
            </param>
            <param index="1">
              <value>
                <![CDATA["Search Product Functionality of TutorialsNinja"]]>
              </value>
            </param>
          </params>
          <reporter-output>
          </reporter-output>
        </test-method> <!-- runScenario -->
        <test-method is-config="true" signature="tearDownClass()[pri:0, instance:com.RunnerFiles.Runner_TestNG@6fa51cd4]" started-at="2024-08-23T17:19:41 EDT" name="tearDownClass" finished-at="2024-08-23T17:19:41 EDT" duration-ms="86" status="PASS">
          <reporter-output>
          </reporter-output>
        </test-method> <!-- tearDownClass -->
      </class> <!-- com.RunnerFiles.Runner_TestNG -->
    </test> <!-- Test -->
  </suite> <!-- Suite -->
</testng-results>
